Build started 11/23/2015 6:38:28 AM.
     1>Project "D:\OneDrive\SeniorSeminar-OneDriveNewest\SeniorSeminar\SeniorSeminar.vcxproj" on node 2 (Build target(s)).
     1>ClCompile:
         D:\Visual Studio\VC\bin\CL.exe /c /I"D:\OneDrive\SeniorSeminar-OneDriveNewest\packages\nupengl.core.0.1.0.1\build\native\../..//build/native/include/" /ZI /nologo /W3 /WX- /sdl /Od /Oy- /D _MBCS /Gm /EHsc /RTC1 /MDd /GS /fp:precise /Zc:wchar_t /Zc:forScope /Zc:inline /Fo"Debug\\" /Fd"Debug\vc140.pdb" /Gd /TP /analyze- /errorReport:prompt Checkers.cpp Mancala.cpp Player.cpp SeniorProject.cpp
         SeniorProject.cpp
     1>d:\onedrive\seniorseminar-onedrivenewest\seniorseminar\seniorproject.cpp(40): error C2065: 'Player1': undeclared identifier
     1>d:\onedrive\seniorseminar-onedrivenewest\seniorseminar\seniorproject.cpp(40): error C2065: 'Player2': undeclared identifier
         Player.cpp
     1>d:\onedrive\seniorseminar-onedrivenewest\seniorseminar\player.cpp(261): warning C4101: 'val': unreferenced local variable
     1>d:\onedrive\seniorseminar-onedrivenewest\seniorseminar\player.cpp(269): warning C4101: 'temp': unreferenced local variable
         Mancala.cpp
         Checkers.cpp
         Generating Code...
     1>Done Building Project "D:\OneDrive\SeniorSeminar-OneDriveNewest\SeniorSeminar\SeniorSeminar.vcxproj" (Build target(s)) -- FAILED.

Build FAILED.

Time Elapsed 00:00:02.39
